<?xml version="1.0" encoding="UTF-8"?>
<!-- Generated by org.testng.reporters.JUnitReportReporter -->
<testsuite hostname="Olda-MacBook-Pro.local" name="cz.gacr.facade.EnterpriseFacadeTest" tests="2" failures="0" timestamp="15 Feb 2017 21:01:39 GMT" time="0.392" errors="0">
  <testcase name="testFindAllTrainersFacade" time="0.384" classname="cz.gacr.facade.EnterpriseFacadeTest"/>
  <testcase name="testGetTrainerByIdFacade" time="0.008" classname="cz.gacr.facade.EnterpriseFacadeTest"/>
</testsuite> <!-- cz.gacr.facade.EnterpriseFacadeTest -->
