<?xml version="1.0" encoding="UTF-8"?>
<!-- Generated by org.testng.reporters.JUnitReportReporter -->
<testsuite hostname="Olda-MacBook-Pro.local" name="cz.gacr.services.EnterpriseServiceTest" tests="2" failures="0" timestamp="15 Feb 2017 21:01:39 GMT" time="0.002" errors="0">
  <testcase name="testFindAll" time="0.002" classname="cz.gacr.services.EnterpriseServiceTest"/>
  <testcase name="testFindById" time="0.000" classname="cz.gacr.services.EnterpriseServiceTest"/>
</testsuite> <!-- cz.gacr.services.EnterpriseServiceTest -->
