<?xml version="1.0" encoding="UTF-8"?>
<!-- Generated by org.testng.reporters.JUnitReportReporter -->
<testsuite hostname="Olda-MacBook-Pro.local" name="cz.gacr.dao.EnterpriseDaoTest" tests="3" failures="0" timestamp="15 Feb 2017 21:00:35 GMT" time="3.700" errors="0">
  <testcase name="testDelete" time="1.539" classname="cz.gacr.dao.EnterpriseDaoTest"/>
  <testcase name="testFindAll" time="1.119" classname="cz.gacr.dao.EnterpriseDaoTest"/>
  <testcase name="testSave" time="1.042" classname="cz.gacr.dao.EnterpriseDaoTest"/>
</testsuite> <!-- cz.gacr.dao.EnterpriseDaoTest -->
